<?xml version="1.0" encoding="UTF-8"?>
<testsuite name="RectangleTest" tests="5" skipped="0" failures="0" errors="0" timestamp="2017-08-03T07:54:58" hostname="gnjoroge-Inspiron-3558" time="0.006">
  <properties/>
  <testcase name="newRectangle_getsLength_2" classname="RectangleTest" time="0.002"/>
  <testcase name="isSquare_allSidesEqual_true" classname="RectangleTest" time="0.001"/>
  <testcase name="newRectangle_instantiatesCorrectly" classname="RectangleTest" time="0.001"/>
  <testcase name="getWidth_getsRectangleWidth_4" classname="RectangleTest" time="0.0"/>
  <testcase name="isSquare_whenNotASquare_false" classname="RectangleTest" time="0.0"/>
  <system-out><![CDATA[]]></system-out>
  <system-err><![CDATA[]]></system-err>
</testsuite>
